# JRE version: OpenJDK Runtime Environment Temurin-21.0.8+9 (21.0.8+9) (build 21.0.8+9-LTS)
# Java VM: OpenJDK 64-Bit Server VM Temurin-21.0.8+9 (21.0.8+9-LTS, mixed mode, sharing, tiered, compressed oops, compressed class ptrs, parallel gc, windows-amd64)
GC Precious Log:
 CardTable entry size: 512
 CPUs: 8 total, 8 available
 Memory: 16221M
 Large Page Support: Disabled
 NUMA Support: Disabled
 Compressed Oops: Enabled (32-bit)
 Alignments: Space 512K, Generation 512K, Heap 2M
 Heap Min Capacity: 100M
 Heap Initial Capacity: 100M
 Heap Max Capacity: 2G
 Pre-touch: Disabled
 Parallel Workers: 8
Heap:
 PSYoungGen      total 10752K, used 1499K [0x00000000d5580000, 0x00000000d7300000, 0x0000000100000000)
  eden space 10240K, 12% used [0x00000000d5580000,0x00000000d56becb0,0x00000000d5f80000)
  from space 512K, 43% used [0x00000000d7200000,0x00000000d7238000,0x00000000d7280000)
  to   space 512K, 0% used [0x00000000d7280000,0x00000000d7280000,0x00000000d7300000)
 ParOldGen       total 693760K, used 693489K [0x0000000080000000, 0x00000000aa580000, 0x00000000d5580000)
  object space 693760K, 99% used [0x0000000080000000,0x00000000aa53c430,0x00000000aa580000)
 Metaspace       used 76865K, committed 78464K, reserved 1179648K
  class space    used 8534K, committed 9280K, reserved 1048576K
GC Heap History (20 events):
Event: 7296.883 GC heap before
{Heap before GC invocations=751 (full 3):
 PSYoungGen      total 11264K, used 10432K [0x00000000d5580000, 0x00000000d7300000, 0x0000000100000000)
  eden space 10240K, 100% used [0x00000000d5580000,0x00000000d5f80000,0x00000000d5f80000)
  from space 1024K, 18% used [0x00000000d7100000,0x00000000d7130000,0x00000000d7200000)
  to   space 512K, 0% used [0x00000000d7280000,0x00000000d7280000,0x00000000d7300000)
 ParOldGen       total 693248K, used 693001K [0x0000000080000000, 0x00000000aa500000, 0x00000000d5580000)
  object space 693248K, 99% used [0x0000000080000000,0x00000000aa4c2430,0x00000000aa500000)
 Metaspace       used 76456K, committed 78080K, reserved 1179648K
  class space    used 8527K, committed 9280K, reserved 1048576K
}
Event: 7296.885 GC heap after
{Heap after GC invocations=751 (full 3):
 PSYoungGen      total 10752K, used 192K [0x00000000d5580000, 0x00000000d7300000, 0x0000000100000000)
  eden space 10240K, 0% used [0x00000000d5580000,0x00000000d5580000,0x00000000d5f80000)
  from space 512K, 37% used [0x00000000d7280000,0x00000000d72b0000,0x00000000d7300000)
  to   space 512K, 0% used [0x00000000d7200000,0x00000000d7200000,0x00000000d7280000)
 ParOldGen       total 693248K, used 693041K [0x0000000080000000, 0x00000000aa500000, 0x00000000d5580000)
  object space 693248K, 99% used [0x0000000080000000,0x00000000aa4cc430,0x00000000aa500000)
 Metaspace       used 76456K, committed 78080K, reserved 1179648K
  class space    used 8527K, committed 9280K, reserved 1048576K
}
Event: 9281.338 GC heap before
{Heap before GC invocations=752 (full 3):
 PSYoungGen      total 10752K, used 10432K [0x00000000d5580000, 0x00000000d7300000, 0x0000000100000000)
  eden space 10240K, 100% used [0x00000000d5580000,0x00000000d5f80000,0x00000000d5f80000)
  from space 512K, 37% used [0x00000000d7280000,0x00000000d72b0000,0x00000000d7300000)
  to   space 512K, 0% used [0x00000000d7200000,0x00000000d7200000,0x00000000d7280000)
 ParOldGen       total 693248K, used 693041K [0x0000000080000000, 0x00000000aa500000, 0x00000000d5580000)
  object space 693248K, 99% used [0x0000000080000000,0x00000000aa4cc430,0x00000000aa500000)
 Metaspace       used 76508K, committed 78144K, reserved 1179648K
  class space    used 8527K, committed 9280K, reserved 1048576K
}
Event: 9281.541 GC heap after
{Heap after GC invocations=752 (full 3):
 PSYoungGen      total 10752K, used 192K [0x00000000d5580000, 0x00000000d7300000, 0x0000000100000000)
  eden space 10240K, 0% used [0x00000000d5580000,0x00000000d5580000,0x00000000d5f80000)
  from space 512K, 37% used [0x00000000d7200000,0x00000000d7230000,0x00000000d7280000)
  to   space 512K, 0% used [0x00000000d7280000,0x00000000d7280000,0x00000000d7300000)
 ParOldGen       total 693248K, used 693073K [0x0000000080000000, 0x00000000aa500000, 0x00000000d5580000)
  object space 693248K, 99% used [0x0000000080000000,0x00000000aa4d4430,0x00000000aa500000)
 Metaspace       used 76508K, committed 78144K, reserved 1179648K
  class space    used 8527K, committed 9280K, reserved 1048576K
}
Event: 9300.653 GC heap before
{Heap before GC invocations=753 (full 3):
 PSYoungGen      total 10752K, used 10432K [0x00000000d5580000, 0x00000000d7300000, 0x0000000100000000)
  eden space 10240K, 100% used [0x00000000d5580000,0x00000000d5f80000,0x00000000d5f80000)
  from space 512K, 37% used [0x00000000d7200000,0x00000000d7230000,0x00000000d7280000)
  to   space 512K, 0% used [0x00000000d7280000,0x00000000d7280000,0x00000000d7300000)
 ParOldGen       total 693248K, used 693073K [0x0000000080000000, 0x00000000aa500000, 0x00000000d5580000)
  object space 693248K, 99% used [0x0000000080000000,0x00000000aa4d4430,0x00000000aa500000)
 Metaspace       used 76540K, committed 78208K, reserved 1179648K
  class space    used 8528K, committed 9280K, reserved 1048576K
}
Event: 9300.655 GC heap after
{Heap after GC invocations=753 (full 3):
 PSYoungGen      total 10752K, used 224K [0x00000000d5580000, 0x00000000d7300000, 0x0000000100000000)
  eden space 10240K, 0% used [0x00000000d5580000,0x00000000d5580000,0x00000000d5f80000)
  from space 512K, 43% used [0x00000000d7280000,0x00000000d72b8000,0x00000000d7300000)
  to   space 512K, 0% used [0x00000000d7200000,0x00000000d7200000,0x00000000d7280000)
 ParOldGen       total 693248K, used 693113K [0x0000000080000000, 0x00000000aa500000, 0x00000000d5580000)
  object space 693248K, 99% used [0x0000000080000000,0x00000000aa4de430,0x00000000aa500000)
 Metaspace       used 76540K, committed 78208K, reserved 1179648K
  class space    used 8528K, committed 9280K, reserved 1048576K
}
Event: 9364.214 GC heap before
{Heap before GC invocations=754 (full 3):
 PSYoungGen      total 10752K, used 10458K [0x00000000d5580000, 0x00000000d7300000, 0x0000000100000000)
  eden space 10240K, 99% used [0x00000000d5580000,0x00000000d5f7eae0,0x00000000d5f80000)
  from space 512K, 43% used [0x00000000d7280000,0x00000000d72b8000,0x00000000d7300000)
  to   space 512K, 0% used [0x00000000d7200000,0x00000000d7200000,0x00000000d7280000)
 ParOldGen       total 693248K, used 693113K [0x0000000080000000, 0x00000000aa500000, 0x00000000d5580000)
  object space 693248K, 99% used [0x0000000080000000,0x00000000aa4de430,0x00000000aa500000)
 Metaspace       used 76568K, committed 78208K, reserved 1179648K
  class space    used 8531K, committed 9280K, reserved 1048576K
}
Event: 9364.217 GC heap after
{Heap after GC invocations=754 (full 3):
 PSYoungGen      total 10752K, used 256K [0x00000000d5580000, 0x00000000d7300000, 0x0000000100000000)
  eden space 10240K, 0% used [0x00000000d5580000,0x00000000d5580000,0x00000000d5f80000)
  from space 512K, 50% used [0x00000000d7200000,0x00000000d7240000,0x00000000d7280000)
  to   space 512K, 0% used [0x00000000d7280000,0x00000000d7280000,0x00000000d7300000)
 ParOldGen       total 693248K, used 693161K [0x0000000080000000, 0x00000000aa500000, 0x00000000d5580000)
  object space 693248K, 99% used [0x0000000080000000,0x00000000aa4ea430,0x00000000aa500000)
 Metaspace       used 76568K, committed 78208K, reserved 1179648K
  class space    used 8531K, committed 9280K, reserved 1048576K
}
Event: 9423.521 GC heap before
{Heap before GC invocations=755 (full 3):
 PSYoungGen      total 10752K, used 10496K [0x00000000d5580000, 0x00000000d7300000, 0x0000000100000000)
  eden space 10240K, 100% used [0x00000000d5580000,0x00000000d5f80000,0x00000000d5f80000)
  from space 512K, 50% used [0x00000000d7200000,0x00000000d7240000,0x00000000d7280000)
  to   space 512K, 0% used [0x00000000d7280000,0x00000000d7280000,0x00000000d7300000)
 ParOldGen       total 693248K, used 693161K [0x0000000080000000, 0x00000000aa500000, 0x00000000d5580000)
  object space 693248K, 99% used [0x0000000080000000,0x00000000aa4ea430,0x00000000aa500000)
 Metaspace       used 76582K, committed 78208K, reserved 1179648K
  class space    used 8531K, committed 9280K, reserved 1048576K
}
Event: 9423.522 GC heap after
{Heap after GC invocations=755 (full 3):
 PSYoungGen      total 10752K, used 256K [0x00000000d5580000, 0x00000000d7300000, 0x0000000100000000)
  eden space 10240K, 0% used [0x00000000d5580000,0x00000000d5580000,0x00000000d5f80000)
  from space 512K, 50% used [0x00000000d7280000,0x00000000d72c0000,0x00000000d7300000)
  to   space 512K, 0% used [0x00000000d7200000,0x00000000d7200000,0x00000000d7280000)
 ParOldGen       total 693248K, used 693217K [0x0000000080000000, 0x00000000aa500000, 0x00000000d5580000)
  object space 693248K, 99% used [0x0000000080000000,0x00000000aa4f8430,0x00000000aa500000)
 Metaspace       used 76582K, committed 78208K, reserved 1179648K
  class space    used 8531K, committed 9280K, reserved 1048576K
}
Event: 9480.740 GC heap before
{Heap before GC invocations=756 (full 3):
 PSYoungGen      total 10752K, used 10496K [0x00000000d5580000, 0x00000000d7300000, 0x0000000100000000)
  eden space 10240K, 100% used [0x00000000d5580000,0x00000000d5f80000,0x00000000d5f80000)
  from space 512K, 50% used [0x00000000d7280000,0x00000000d72c0000,0x00000000d7300000)
  to   space 512K, 0% used [0x00000000d7200000,0x00000000d7200000,0x00000000d7280000)
 ParOldGen       total 693248K, used 693217K [0x0000000080000000, 0x00000000aa500000, 0x00000000d5580000)
  object space 693248K, 99% used [0x0000000080000000,0x00000000aa4f8430,0x00000000aa500000)
 Metaspace       used 76590K, committed 78208K, reserved 1179648K
  class space    used 8531K, committed 9280K, reserved 1048576K
}
Event: 9480.742 GC heap after
{Heap after GC invocations=756 (full 3):
 PSYoungGen      total 10752K, used 192K [0x00000000d5580000, 0x00000000d7300000, 0x0000000100000000)
  eden space 10240K, 0% used [0x00000000d5580000,0x00000000d5580000,0x00000000d5f80000)
  from space 512K, 37% used [0x00000000d7200000,0x00000000d7230000,0x00000000d7280000)
  to   space 512K, 0% used [0x00000000d7280000,0x00000000d7280000,0x00000000d7300000)
 ParOldGen       total 693760K, used 693273K [0x0000000080000000, 0x00000000aa580000, 0x00000000d5580000)
  object space 693760K, 99% used [0x0000000080000000,0x00000000aa506430,0x00000000aa580000)
 Metaspace       used 76590K, committed 78208K, reserved 1179648K
  class space    used 8531K, committed 9280K, reserved 1048576K
}
Event: 10668.008 GC heap before
{Heap before GC invocations=757 (full 3):
 PSYoungGen      total 10752K, used 10432K [0x00000000d5580000, 0x00000000d7300000, 0x0000000100000000)
  eden space 10240K, 100% used [0x00000000d5580000,0x00000000d5f80000,0x00000000d5f80000)
  from space 512K, 37% used [0x00000000d7200000,0x00000000d7230000,0x00000000d7280000)
  to   space 512K, 0% used [0x00000000d7280000,0x00000000d7280000,0x00000000d7300000)
 ParOldGen       total 693760K, used 693273K [0x0000000080000000, 0x00000000aa580000, 0x00000000d5580000)
  object space 693760K, 99% used [0x0000000080000000,0x00000000aa506430,0x00000000aa580000)
 Metaspace       used 76620K, committed 78208K, reserved 1179648K
  class space    used 8532K, committed 9280K, reserved 1048576K
}
Event: 10668.013 GC heap after
{Heap after GC invocations=757 (full 3):
 PSYoungGen      total 10752K, used 256K [0x00000000d5580000, 0x00000000d7300000, 0x0000000100000000)
  eden space 10240K, 0% used [0x00000000d5580000,0x00000000d5580000,0x00000000d5f80000)
  from space 512K, 50% used [0x00000000d7280000,0x00000000d72c0000,0x00000000d7300000)
  to   space 512K, 0% used [0x00000000d7200000,0x00000000d7200000,0x00000000d7280000)
 ParOldGen       total 693760K, used 693321K [0x0000000080000000, 0x00000000aa580000, 0x00000000d5580000)
  object space 693760K, 99% used [0x0000000080000000,0x00000000aa512430,0x00000000aa580000)
 Metaspace       used 76620K, committed 78208K, reserved 1179648K
  class space    used 8532K, committed 9280K, reserved 1048576K
}
Event: 11975.947 GC heap before
{Heap before GC invocations=758 (full 3):
 PSYoungGen      total 10752K, used 10496K [0x00000000d5580000, 0x00000000d7300000, 0x0000000100000000)
  eden space 10240K, 100% used [0x00000000d5580000,0x00000000d5f80000,0x00000000d5f80000)
  from space 512K, 50% used [0x00000000d7280000,0x00000000d72c0000,0x00000000d7300000)
  to   space 512K, 0% used [0x00000000d7200000,0x00000000d7200000,0x00000000d7280000)
 ParOldGen       total 693760K, used 693321K [0x0000000080000000, 0x00000000aa580000, 0x00000000d5580000)
  object space 693760K, 99% used [0x0000000080000000,0x00000000aa512430,0x00000000aa580000)
 Metaspace       used 76656K, committed 78272K, reserved 1179648K
  class space    used 8532K, committed 9280K, reserved 1048576K
}
Event: 11975.954 GC heap after
{Heap after GC invocations=758 (full 3):
 PSYoungGen      total 10752K, used 160K [0x00000000d5580000, 0x00000000d7300000, 0x0000000100000000)
  eden space 10240K, 0% used [0x00000000d5580000,0x00000000d5580000,0x00000000d5f80000)
  from space 512K, 31% used [0x00000000d7200000,0x00000000d7228000,0x00000000d7280000)
  to   space 512K, 0% used [0x00000000d7280000,0x00000000d7280000,0x00000000d7300000)
 ParOldGen       total 693760K, used 693377K [0x0000000080000000, 0x00000000aa580000, 0x00000000d5580000)
  object space 693760K, 99% used [0x0000000080000000,0x00000000aa520430,0x00000000aa580000)
 Metaspace       used 76656K, committed 78272K, reserved 1179648K
  class space    used 8532K, committed 9280K, reserved 1048576K
}
Event: 12578.897 GC heap before
{Heap before GC invocations=759 (full 3):
 PSYoungGen      total 10752K, used 10400K [0x00000000d5580000, 0x00000000d7300000, 0x0000000100000000)
  eden space 10240K, 100% used [0x00000000d5580000,0x00000000d5f80000,0x00000000d5f80000)
  from space 512K, 31% used [0x00000000d7200000,0x00000000d7228000,0x00000000d7280000)
  to   space 512K, 0% used [0x00000000d7280000,0x00000000d7280000,0x00000000d7300000)
 ParOldGen       total 693760K, used 693377K [0x0000000080000000, 0x00000000aa580000, 0x00000000d5580000)
  object space 693760K, 99% used [0x0000000080000000,0x00000000aa520430,0x00000000aa580000)
 Metaspace       used 76738K, committed 78336K, reserved 1179648K
  class space    used 8534K, committed 9280K, reserved 1048576K
}
Event: 12578.904 GC heap after
{Heap after GC invocations=759 (full 3):
 PSYoungGen      total 10752K, used 192K [0x00000000d5580000, 0x00000000d7300000, 0x0000000100000000)
  eden space 10240K, 0% used [0x00000000d5580000,0x00000000d5580000,0x00000000d5f80000)
  from space 512K, 37% used [0x00000000d7280000,0x00000000d72b0000,0x00000000d7300000)
  to   space 512K, 0% used [0x00000000d7200000,0x00000000d7200000,0x00000000d7280000)
 ParOldGen       total 693760K, used 693409K [0x0000000080000000, 0x00000000aa580000, 0x00000000d5580000)
  object space 693760K, 99% used [0x0000000080000000,0x00000000aa528430,0x00000000aa580000)
 Metaspace       used 76738K, committed 78336K, reserved 1179648K
  class space    used 8534K, committed 9280K, reserved 1048576K
}
Event: 12686.210 GC heap before
{Heap before GC invocations=760 (full 3):
 PSYoungGen      total 10752K, used 10432K [0x00000000d5580000, 0x00000000d7300000, 0x0000000100000000)
  eden space 10240K, 100% used [0x00000000d5580000,0x00000000d5f80000,0x00000000d5f80000)
  from space 512K, 37% used [0x00000000d7280000,0x00000000d72b0000,0x00000000d7300000)
  to   space 512K, 0% used [0x00000000d7200000,0x00000000d7200000,0x00000000d7280000)
 ParOldGen       total 693760K, used 693409K [0x0000000080000000, 0x00000000aa580000, 0x00000000d5580000)
  object space 693760K, 99% used [0x0000000080000000,0x00000000aa528430,0x00000000aa580000)
 Metaspace       used 76853K, committed 78464K, reserved 1179648K
  class space    used 8534K, committed 9280K, reserved 1048576K
}
Event: 12686.214 GC heap after
{Heap after GC invocations=760 (full 3):
 PSYoungGen      total 10752K, used 224K [0x00000000d5580000, 0x00000000d7300000, 0x0000000100000000)
  eden space 10240K, 0% used [0x00000000d5580000,0x00000000d5580000,0x00000000d5f80000)
  from space 512K, 43% used [0x00000000d7200000,0x00000000d7238000,0x00000000d7280000)
  to   space 512K, 0% used [0x00000000d7280000,0x00000000d7280000,0x00000000d7300000)
 ParOldGen       total 693760K, used 693489K [0x0000000080000000, 0x00000000aa580000, 0x00000000d5580000)
  object space 693760K, 99% used [0x0000000080000000,0x00000000aa53c430,0x00000000aa580000)
 Metaspace       used 76853K, committed 78464K, reserved 1179648K
  class space    used 8534K, committed 9280K, reserved 1048576K
}

